<?xml version="1.0" encoding="UTF-8"?>
<!-- Generated by org.testng.reporters.JUnitXMLReporter -->
<testsuite ignored="0" hostname="Sai12" failures="0" tests="20" name="MyTest" time="10.407" errors="0" timestamp="2025-05-19T21:05:59 BST">
  <testcase classname="com.test.LibraryOperationsTest" name="addBook" time="2.274"/>
  <testcase classname="com.test.LibraryOperationsTest" name="addBook" time="0.668"/>
  <testcase classname="com.test.LibraryOperationsTest" name="addBook" time="0.656"/>
  <testcase classname="com.test.LibraryOperationsTest" name="GetBook" time="0.662"/>
  <testcase classname="com.test.LibraryOperationsTest" name="GetBook" time="0.666"/>
  <testcase classname="com.test.LibraryOperationsTest" name="GetBook" time="0.625"/>
  <testcase classname="com.test.LibraryOperationsTest" name="deleteBook" time="0.67"/>
  <testcase classname="com.test.LibraryOperationsTest" name="deleteBook" time="2.734"/>
  <testcase classname="com.test.LibraryOperationsTest" name="deleteBook" time="1.011"/>
  <testcase classname="com.test.OtherTestngTest" name="convertData" time="0.002"/>
  <testcase classname="com.test.OtherTestngTest" name="invocationCountTest" time="0.001"/>
  <testcase classname="com.test.OtherTestngTest" name="invocationCountTest" time="0.001"/>
  <testcase classname="com.test.OtherTestngTest" name="invocationCountTest" time="0.0"/>
  <testcase classname="com.test.OtherTestngTest" name="invocationCountTest" time="0.001"/>
  <testcase classname="com.test.OtherTestngTest" name="invocationCountTest" time="0.0"/>
  <testcase classname="com.test.OtherTestngTest" name="invocationCountTest" time="0.001"/>
  <testcase classname="com.test.OtherTestngTest" name="invocationCountTest" time="0.0"/>
  <testcase classname="com.test.OtherTestngTest" name="invocationCountTest" time="0.0"/>
  <testcase classname="com.test.OtherTestngTest" name="invocationCountTest" time="0.0"/>
  <testcase classname="com.test.OtherTestngTest" name="invocationCountTest" time="0.001"/>
</testsuite> <!-- MyTest -->
