<?xml version="1.0" encoding="UTF-8"?>
<!-- Generated by org.testng.reporters.JUnitXMLReporter -->
<testsuite ignored="0" hostname="Sai12" failures="0" tests="20" name="MyTest" time="9.92" errors="0" timestamp="2025-05-26T14:25:31 BST">
  <testcase classname="com.test.LibraryOperationsTest" name="addBook" time="1.937"/>
  <testcase classname="com.test.LibraryOperationsTest" name="addBook" time="0.534"/>
  <testcase classname="com.test.LibraryOperationsTest" name="addBook" time="0.517"/>
  <testcase classname="com.test.LibraryOperationsTest" name="getBook" time="0.575"/>
  <testcase classname="com.test.LibraryOperationsTest" name="getBook" time="0.501"/>
  <testcase classname="com.test.LibraryOperationsTest" name="getBook" time="0.498"/>
  <testcase classname="com.test.LibraryOperationsTest" name="deleteBook" time="1.911"/>
  <testcase classname="com.test.LibraryOperationsTest" name="deleteBook" time="2.122"/>
  <testcase classname="com.test.LibraryOperationsTest" name="deleteBook" time="1.002"/>
  <testcase classname="com.test.OtherTestngTest" name="convertData" time="0.001"/>
  <testcase classname="com.test.OtherTestngTest" name="invocationCountTest" time="0.001"/>
  <testcase classname="com.test.OtherTestngTest" name="invocationCountTest" time="0.0"/>
  <testcase classname="com.test.OtherTestngTest" name="invocationCountTest" time="0.001"/>
  <testcase classname="com.test.OtherTestngTest" name="invocationCountTest" time="0.0"/>
  <testcase classname="com.test.OtherTestngTest" name="invocationCountTest" time="0.001"/>
  <testcase classname="com.test.OtherTestngTest" name="invocationCountTest" time="0.0"/>
  <testcase classname="com.test.OtherTestngTest" name="invocationCountTest" time="0.0"/>
  <testcase classname="com.test.OtherTestngTest" name="invocationCountTest" time="0.0"/>
  <testcase classname="com.test.OtherTestngTest" name="invocationCountTest" time="0.0"/>
  <testcase classname="com.test.OtherTestngTest" name="invocationCountTest" time="0.001"/>
</testsuite> <!-- MyTest -->
