<?xml version="1.0" encoding="UTF-8"?>
<!-- Generated by org.testng.reporters.JUnitXMLReporter -->
<testsuite ignored="0" hostname="Sai12" failures="0" tests="20" name="MyTest" time="7.525" errors="0" timestamp="2025-05-24T12:51:33 BST">
  <testcase classname="com.test.LibraryOperationsTest" name="addBook" time="2.053"/>
  <testcase classname="com.test.LibraryOperationsTest" name="addBook" time="0.653"/>
  <testcase classname="com.test.LibraryOperationsTest" name="addBook" time="0.708"/>
  <testcase classname="com.test.LibraryOperationsTest" name="GetBook" time="0.685"/>
  <testcase classname="com.test.LibraryOperationsTest" name="GetBook" time="0.61"/>
  <testcase classname="com.test.LibraryOperationsTest" name="GetBook" time="0.547"/>
  <testcase classname="com.test.LibraryOperationsTest" name="deleteBook" time="0.693"/>
  <testcase classname="com.test.LibraryOperationsTest" name="deleteBook" time="0.608"/>
  <testcase classname="com.test.LibraryOperationsTest" name="deleteBook" time="0.61"/>
  <testcase classname="com.test.OtherTestngTest" name="convertData" time="0.0"/>
  <testcase classname="com.test.OtherTestngTest" name="invocationCountTest" time="0.0"/>
  <testcase classname="com.test.OtherTestngTest" name="invocationCountTest" time="0.0"/>
  <testcase classname="com.test.OtherTestngTest" name="invocationCountTest" time="0.0"/>
  <testcase classname="com.test.OtherTestngTest" name="invocationCountTest" time="0.0"/>
  <testcase classname="com.test.OtherTestngTest" name="invocationCountTest" time="0.001"/>
  <testcase classname="com.test.OtherTestngTest" name="invocationCountTest" time="0.0"/>
  <testcase classname="com.test.OtherTestngTest" name="invocationCountTest" time="0.0"/>
  <testcase classname="com.test.OtherTestngTest" name="invocationCountTest" time="0.0"/>
  <testcase classname="com.test.OtherTestngTest" name="invocationCountTest" time="0.001"/>
  <testcase classname="com.test.OtherTestngTest" name="invocationCountTest" time="0.001"/>
</testsuite> <!-- MyTest -->
