<?xml version="1.0" encoding="UTF-8"?>
<!-- Generated by org.testng.reporters.JUnitXMLReporter -->
<testsuite ignored="0" hostname="Sai12" failures="0" tests="20" name="MyTest" time="6.238" errors="0" timestamp="2025-05-26T14:21:44 BST">
  <testcase classname="com.test.LibraryOperationsTest" name="addBook" time="1.84"/>
  <testcase classname="com.test.LibraryOperationsTest" name="addBook" time="0.523"/>
  <testcase classname="com.test.LibraryOperationsTest" name="addBook" time="0.517"/>
  <testcase classname="com.test.LibraryOperationsTest" name="getBook" time="0.515"/>
  <testcase classname="com.test.LibraryOperationsTest" name="getBook" time="0.503"/>
  <testcase classname="com.test.LibraryOperationsTest" name="getBook" time="0.495"/>
  <testcase classname="com.test.LibraryOperationsTest" name="deleteBook" time="0.508"/>
  <testcase classname="com.test.LibraryOperationsTest" name="deleteBook" time="0.52"/>
  <testcase classname="com.test.LibraryOperationsTest" name="deleteBook" time="0.509"/>
  <testcase classname="com.test.OtherTestngTest" name="convertData" time="0.001"/>
  <testcase classname="com.test.OtherTestngTest" name="invocationCountTest" time="0.0"/>
  <testcase classname="com.test.OtherTestngTest" name="invocationCountTest" time="0.0"/>
  <testcase classname="com.test.OtherTestngTest" name="invocationCountTest" time="0.001"/>
  <testcase classname="com.test.OtherTestngTest" name="invocationCountTest" time="0.001"/>
  <testcase classname="com.test.OtherTestngTest" name="invocationCountTest" time="0.0"/>
  <testcase classname="com.test.OtherTestngTest" name="invocationCountTest" time="0.0"/>
  <testcase classname="com.test.OtherTestngTest" name="invocationCountTest" time="0.001"/>
  <testcase classname="com.test.OtherTestngTest" name="invocationCountTest" time="0.0"/>
  <testcase classname="com.test.OtherTestngTest" name="invocationCountTest" time="0.0"/>
  <testcase classname="com.test.OtherTestngTest" name="invocationCountTest" time="0.0"/>
</testsuite> <!-- MyTest -->
