<?xml version="1.0" encoding="UTF-8"?>
<testng-results ignored="0" total="20" passed="20" failed="0" skipped="0">
  <reporter-output>
  </reporter-output>
  <suite started-at="2025-05-26T14:21:38 BST" name="MyTestSuite" finished-at="2025-05-26T14:21:44 BST" duration-ms="6238">
    <groups>
      <group name="Delete-BookData">
        <method signature="LibraryOperationsTest.deleteBook(java.lang.String)[pri:2, instance:com.test.LibraryOperationsTest@1ed6388a]" name="deleteBook" class="com.test.LibraryOperationsTest"/>
      </group> <!-- Delete-BookData -->
      <group name="UpdateBookData">
        <method signature="LibraryOperationsTest.addBook(java.lang.String,int)[pri:0, instance:com.test.LibraryOperationsTest@1ed6388a]" name="addBook" class="com.test.LibraryOperationsTest"/>
        <method signature="LibraryOperationsTest.getBook(java.lang.String)[pri:1, instance:com.test.LibraryOperationsTest@1ed6388a]" name="getBook" class="com.test.LibraryOperationsTest"/>
      </group> <!-- UpdateBookData -->
      <group name="OtherTC">
        <method signature="OtherTestngTest.convertData()[pri:0, instance:com.test.OtherTestngTest@6e6f2380]" name="convertData" class="com.test.OtherTestngTest"/>
        <method signature="OtherTestngTest.invocationCountTest()[pri:0, instance:com.test.OtherTestngTest@6e6f2380]" name="invocationCountTest" class="com.test.OtherTestngTest"/>
      </group> <!-- OtherTC -->
    </groups>
    <test started-at="2025-05-26T14:21:38 BST" name="MyTest" finished-at="2025-05-26T14:21:44 BST" duration-ms="6238">
      <class name="com.test.OtherTestngTest">
        <test-method signature="convertData()[pri:0, instance:com.test.OtherTestngTest@6e6f2380]" started-at="2025-05-26T14:21:44 BST" name="convertData" finished-at="2025-05-26T14:21:44 BST" duration-ms="1" status="PASS">
          <exception class="java.lang.NumberFormatException">
            <message>
              <![CDATA[For input string: "200A"]]>
            </message>
            <full-stacktrace>
              <![CDATA[java.lang.NumberFormatException: For input string: "200A"
at java.base/java.lang.NumberFormatException.forInputString(NumberFormatException.java:67)
at java.base/java.lang.Integer.parseInt(Integer.java:662)
at java.base/java.lang.Integer.parseInt(Integer.java:778)
at com.test.OtherTestngTest.convertData(OtherTestngTest.java:20)
at java.base/jdk.internal.reflect.DirectMethodHandleAccessor.invoke(DirectMethodHandleAccessor.java:103)
at java.base/java.lang.reflect.Method.invoke(Method.java:580)
at org.testng.internal.invokers.MethodInvocationHelper.invokeMethod(MethodInvocationHelper.java:141)
at org.testng.internal.invokers.TestInvoker.invokeMethod(TestInvoker.java:687)
at org.testng.internal.invokers.TestInvoker.invokeTestMethod(TestInvoker.java:230)
at org.testng.internal.invokers.MethodRunner.runInSequence(MethodRunner.java:63)
at org.testng.internal.invokers.TestInvoker$MethodInvocationAgent.invoke(TestInvoker.java:995)
at org.testng.internal.invokers.TestInvoker.invokeTestMethods(TestInvoker.java:203)
at org.testng.internal.invokers.TestMethodWorker.invokeTestMethods(TestMethodWorker.java:154)
at org.testng.internal.invokers.TestMethodWorker.run(TestMethodWorker.java:134)
at java.base/java.util.ArrayList.forEach(ArrayList.java:1596)
at org.testng.TestRunner.privateRun(TestRunner.java:741)
at org.testng.TestRunner.run(TestRunner.java:616)
at org.testng.SuiteRunner.runTest(SuiteRunner.java:421)
at org.testng.SuiteRunner.runSequentially(SuiteRunner.java:413)
at org.testng.SuiteRunner.privateRun(SuiteRunner.java:373)
at org.testng.SuiteRunner.run(SuiteRunner.java:312)
at org.testng.SuiteRunnerWorker.runSuite(SuiteRunnerWorker.java:52)
at org.testng.SuiteRunnerWorker.run(SuiteRunnerWorker.java:95)
at org.testng.TestNG.runSuitesSequentially(TestNG.java:1274)
at org.testng.TestNG.runSuitesLocally(TestNG.java:1208)
at org.testng.TestNG.runSuites(TestNG.java:1112)
at org.testng.TestNG.run(TestNG.java:1079)
at org.apache.maven.surefire.testng.TestNGExecutor.run(TestNGExecutor.java:308)
at org.apache.maven.surefire.testng.TestNGXmlTestSuite.execute(TestNGXmlTestSuite.java:71)
at org.apache.maven.surefire.testng.TestNGProvider.invoke(TestNGProvider.java:113)
at org.apache.maven.surefire.booter.ForkedBooter.runSuitesInProcess(ForkedBooter.java:385)
at org.apache.maven.surefire.booter.ForkedBooter.execute(ForkedBooter.java:162)
at org.apache.maven.surefire.booter.ForkedBooter.run(ForkedBooter.java:507)
at org.apache.maven.surefire.booter.ForkedBooter.main(ForkedBooter.java:495)
]]>
            </full-stacktrace>
          </exception> <!-- java.lang.NumberFormatException -->
          <reporter-output>
          </reporter-output>
        </test-method> <!-- convertData -->
        <test-method signature="invocationCountTest()[pri:0, instance:com.test.OtherTestngTest@6e6f2380]" started-at="2025-05-26T14:21:44 BST" name="invocationCountTest" finished-at="2025-05-26T14:21:44 BST" duration-ms="0" status="PASS">
          <reporter-output>
          </reporter-output>
        </test-method> <!-- invocationCountTest -->
        <test-method signature="invocationCountTest()[pri:0, instance:com.test.OtherTestngTest@6e6f2380]" started-at="2025-05-26T14:21:44 BST" name="invocationCountTest" finished-at="2025-05-26T14:21:44 BST" duration-ms="0" status="PASS">
          <reporter-output>
          </reporter-output>
        </test-method> <!-- invocationCountTest -->
        <test-method signature="invocationCountTest()[pri:0, instance:com.test.OtherTestngTest@6e6f2380]" started-at="2025-05-26T14:21:44 BST" name="invocationCountTest" finished-at="2025-05-26T14:21:44 BST" duration-ms="1" status="PASS">
          <reporter-output>
          </reporter-output>
        </test-method> <!-- invocationCountTest -->
        <test-method signature="invocationCountTest()[pri:0, instance:com.test.OtherTestngTest@6e6f2380]" started-at="2025-05-26T14:21:44 BST" name="invocationCountTest" finished-at="2025-05-26T14:21:44 BST" duration-ms="1" status="PASS">
          <reporter-output>
          </reporter-output>
        </test-method> <!-- invocationCountTest -->
        <test-method signature="invocationCountTest()[pri:0, instance:com.test.OtherTestngTest@6e6f2380]" started-at="2025-05-26T14:21:44 BST" name="invocationCountTest" finished-at="2025-05-26T14:21:44 BST" duration-ms="0" status="PASS">
          <reporter-output>
          </reporter-output>
        </test-method> <!-- invocationCountTest -->
        <test-method signature="invocationCountTest()[pri:0, instance:com.test.OtherTestngTest@6e6f2380]" started-at="2025-05-26T14:21:44 BST" name="invocationCountTest" finished-at="2025-05-26T14:21:44 BST" duration-ms="1" status="PASS">
          <reporter-output>
          </reporter-output>
        </test-method> <!-- invocationCountTest -->
        <test-method signature="invocationCountTest()[pri:0, instance:com.test.OtherTestngTest@6e6f2380]" started-at="2025-05-26T14:21:44 BST" name="invocationCountTest" finished-at="2025-05-26T14:21:44 BST" duration-ms="0" status="PASS">
          <reporter-output>
          </reporter-output>
        </test-method> <!-- invocationCountTest -->
        <test-method signature="invocationCountTest()[pri:0, instance:com.test.OtherTestngTest@6e6f2380]" started-at="2025-05-26T14:21:44 BST" name="invocationCountTest" finished-at="2025-05-26T14:21:44 BST" duration-ms="0" status="PASS">
          <reporter-output>
          </reporter-output>
        </test-method> <!-- invocationCountTest -->
        <test-method signature="invocationCountTest()[pri:0, instance:com.test.OtherTestngTest@6e6f2380]" started-at="2025-05-26T14:21:44 BST" name="invocationCountTest" finished-at="2025-05-26T14:21:44 BST" duration-ms="0" status="PASS">
          <reporter-output>
          </reporter-output>
        </test-method> <!-- invocationCountTest -->
        <test-method signature="invocationCountTest()[pri:0, instance:com.test.OtherTestngTest@6e6f2380]" started-at="2025-05-26T14:21:44 BST" name="invocationCountTest" finished-at="2025-05-26T14:21:44 BST" duration-ms="0" status="PASS">
          <reporter-output>
          </reporter-output>
        </test-method> <!-- invocationCountTest -->
      </class> <!-- com.test.OtherTestngTest -->
      <class name="com.test.LibraryOperationsTest">
        <test-method is-config="true" signature="setupURI(java.lang.String)[pri:0, instance:com.test.LibraryOperationsTest@1ed6388a]" started-at="2025-05-26T14:21:38 BST" name="setupURI" finished-at="2025-05-26T14:21:38 BST" duration-ms="240" status="PASS">
          <params>
            <param index="0">
              <value>
                <![CDATA[https://rahulshettyacademy.com]]>
              </value>
            </param>
          </params>
          <reporter-output>
          </reporter-output>
        </test-method> <!-- setupURI -->
        <test-method signature="addBook(java.lang.String,int)[pri:0, instance:com.test.LibraryOperationsTest@1ed6388a]" started-at="2025-05-26T14:21:38 BST" name="addBook" data-provider="TDAddBook" finished-at="2025-05-26T14:21:40 BST" duration-ms="1840" status="PASS">
          <params>
            <param index="0">
              <value>
                <![CDATA[def]]>
              </value>
            </param>
            <param index="1">
              <value>
                <![CDATA[1120]]>
              </value>
            </param>
          </params>
          <reporter-output>
          </reporter-output>
        </test-method> <!-- addBook -->
        <test-method is-config="true" signature="setupURI(java.lang.String)[pri:0, instance:com.test.LibraryOperationsTest@1ed6388a]" started-at="2025-05-26T14:21:40 BST" name="setupURI" finished-at="2025-05-26T14:21:40 BST" duration-ms="1" status="PASS">
          <params>
            <param index="0">
              <value>
                <![CDATA[https://rahulshettyacademy.com]]>
              </value>
            </param>
          </params>
          <reporter-output>
          </reporter-output>
        </test-method> <!-- setupURI -->
        <test-method signature="addBook(java.lang.String,int)[pri:0, instance:com.test.LibraryOperationsTest@1ed6388a]" started-at="2025-05-26T14:21:40 BST" name="addBook" data-provider="TDAddBook" finished-at="2025-05-26T14:21:40 BST" duration-ms="523" status="PASS">
          <params>
            <param index="0">
              <value>
                <![CDATA[ghk]]>
              </value>
            </param>
            <param index="1">
              <value>
                <![CDATA[1121]]>
              </value>
            </param>
          </params>
          <reporter-output>
          </reporter-output>
        </test-method> <!-- addBook -->
        <test-method signature="addBook(java.lang.String,int)[pri:0, instance:com.test.LibraryOperationsTest@1ed6388a]" started-at="2025-05-26T14:21:40 BST" name="addBook" data-provider="TDAddBook" finished-at="2025-05-26T14:21:41 BST" duration-ms="517" status="PASS">
          <params>
            <param index="0">
              <value>
                <![CDATA[hij]]>
              </value>
            </param>
            <param index="1">
              <value>
                <![CDATA[1122]]>
              </value>
            </param>
          </params>
          <reporter-output>
          </reporter-output>
        </test-method> <!-- addBook -->
        <test-method is-config="true" signature="setupURI(java.lang.String)[pri:0, instance:com.test.LibraryOperationsTest@1ed6388a]" started-at="2025-05-26T14:21:40 BST" name="setupURI" finished-at="2025-05-26T14:21:40 BST" duration-ms="0" status="PASS">
          <params>
            <param index="0">
              <value>
                <![CDATA[https://rahulshettyacademy.com]]>
              </value>
            </param>
          </params>
          <reporter-output>
          </reporter-output>
        </test-method> <!-- setupURI -->
        <test-method is-config="true" signature="setupURI(java.lang.String)[pri:0, instance:com.test.LibraryOperationsTest@1ed6388a]" started-at="2025-05-26T14:21:41 BST" name="setupURI" finished-at="2025-05-26T14:21:41 BST" duration-ms="1" status="PASS">
          <params>
            <param index="0">
              <value>
                <![CDATA[https://rahulshettyacademy.com]]>
              </value>
            </param>
          </params>
          <reporter-output>
          </reporter-output>
        </test-method> <!-- setupURI -->
        <test-method signature="getBook(java.lang.String)[pri:1, instance:com.test.LibraryOperationsTest@1ed6388a]" started-at="2025-05-26T14:21:41 BST" name="getBook" data-provider="BookID" finished-at="2025-05-26T14:21:42 BST" depends-on-methods="com.test.LibraryOperationsTest.addBook" duration-ms="515" status="PASS">
          <params>
            <param index="0">
              <value>
                <![CDATA[def1120]]>
              </value>
            </param>
          </params>
          <reporter-output>
          </reporter-output>
        </test-method> <!-- getBook -->
        <test-method signature="getBook(java.lang.String)[pri:1, instance:com.test.LibraryOperationsTest@1ed6388a]" started-at="2025-05-26T14:21:42 BST" name="getBook" data-provider="BookID" finished-at="2025-05-26T14:21:42 BST" depends-on-methods="com.test.LibraryOperationsTest.addBook" duration-ms="503" status="PASS">
          <params>
            <param index="0">
              <value>
                <![CDATA[ghk1121]]>
              </value>
            </param>
          </params>
          <reporter-output>
          </reporter-output>
        </test-method> <!-- getBook -->
        <test-method is-config="true" signature="setupURI(java.lang.String)[pri:0, instance:com.test.LibraryOperationsTest@1ed6388a]" started-at="2025-05-26T14:21:42 BST" name="setupURI" finished-at="2025-05-26T14:21:42 BST" duration-ms="0" status="PASS">
          <params>
            <param index="0">
              <value>
                <![CDATA[https://rahulshettyacademy.com]]>
              </value>
            </param>
          </params>
          <reporter-output>
          </reporter-output>
        </test-method> <!-- setupURI -->
        <test-method signature="getBook(java.lang.String)[pri:1, instance:com.test.LibraryOperationsTest@1ed6388a]" started-at="2025-05-26T14:21:42 BST" name="getBook" data-provider="BookID" finished-at="2025-05-26T14:21:43 BST" depends-on-methods="com.test.LibraryOperationsTest.addBook" duration-ms="495" status="PASS">
          <params>
            <param index="0">
              <value>
                <![CDATA[hij1122]]>
              </value>
            </param>
          </params>
          <reporter-output>
          </reporter-output>
        </test-method> <!-- getBook -->
        <test-method is-config="true" signature="setupURI(java.lang.String)[pri:0, instance:com.test.LibraryOperationsTest@1ed6388a]" started-at="2025-05-26T14:21:42 BST" name="setupURI" finished-at="2025-05-26T14:21:42 BST" duration-ms="0" status="PASS">
          <params>
            <param index="0">
              <value>
                <![CDATA[https://rahulshettyacademy.com]]>
              </value>
            </param>
          </params>
          <reporter-output>
          </reporter-output>
        </test-method> <!-- setupURI -->
        <test-method signature="deleteBook(java.lang.String)[pri:2, instance:com.test.LibraryOperationsTest@1ed6388a]" started-at="2025-05-26T14:21:43 BST" name="deleteBook" data-provider="BookID" finished-at="2025-05-26T14:21:43 BST" depends-on-methods="com.test.LibraryOperationsTest.addBook" duration-ms="508" status="PASS">
          <params>
            <param index="0">
              <value>
                <![CDATA[def1120]]>
              </value>
            </param>
          </params>
          <reporter-output>
          </reporter-output>
        </test-method> <!-- deleteBook -->
        <test-method is-config="true" signature="setupURI(java.lang.String)[pri:0, instance:com.test.LibraryOperationsTest@1ed6388a]" started-at="2025-05-26T14:21:43 BST" name="setupURI" finished-at="2025-05-26T14:21:43 BST" duration-ms="0" status="PASS">
          <params>
            <param index="0">
              <value>
                <![CDATA[https://rahulshettyacademy.com]]>
              </value>
            </param>
          </params>
          <reporter-output>
          </reporter-output>
        </test-method> <!-- setupURI -->
        <test-method signature="deleteBook(java.lang.String)[pri:2, instance:com.test.LibraryOperationsTest@1ed6388a]" started-at="2025-05-26T14:21:43 BST" name="deleteBook" data-provider="BookID" finished-at="2025-05-26T14:21:44 BST" depends-on-methods="com.test.LibraryOperationsTest.addBook" duration-ms="520" status="PASS">
          <params>
            <param index="0">
              <value>
                <![CDATA[ghk1121]]>
              </value>
            </param>
          </params>
          <reporter-output>
          </reporter-output>
        </test-method> <!-- deleteBook -->
        <test-method is-config="true" signature="setupURI(java.lang.String)[pri:0, instance:com.test.LibraryOperationsTest@1ed6388a]" started-at="2025-05-26T14:21:43 BST" name="setupURI" finished-at="2025-05-26T14:21:43 BST" duration-ms="0" status="PASS">
          <params>
            <param index="0">
              <value>
                <![CDATA[https://rahulshettyacademy.com]]>
              </value>
            </param>
          </params>
          <reporter-output>
          </reporter-output>
        </test-method> <!-- setupURI -->
        <test-method is-config="true" signature="setupURI(java.lang.String)[pri:0, instance:com.test.LibraryOperationsTest@1ed6388a]" started-at="2025-05-26T14:21:44 BST" name="setupURI" finished-at="2025-05-26T14:21:44 BST" duration-ms="1" status="PASS">
          <params>
            <param index="0">
              <value>
                <![CDATA[https://rahulshettyacademy.com]]>
              </value>
            </param>
          </params>
          <reporter-output>
          </reporter-output>
        </test-method> <!-- setupURI -->
        <test-method signature="deleteBook(java.lang.String)[pri:2, instance:com.test.LibraryOperationsTest@1ed6388a]" started-at="2025-05-26T14:21:44 BST" name="deleteBook" data-provider="BookID" finished-at="2025-05-26T14:21:44 BST" depends-on-methods="com.test.LibraryOperationsTest.addBook" duration-ms="509" status="PASS">
          <params>
            <param index="0">
              <value>
                <![CDATA[hij1122]]>
              </value>
            </param>
          </params>
          <reporter-output>
          </reporter-output>
        </test-method> <!-- deleteBook -->
      </class> <!-- com.test.LibraryOperationsTest -->
    </test> <!-- MyTest -->
  </suite> <!-- MyTestSuite -->
</testng-results>
