<?xml version="1.0" encoding="UTF-8"?>
<testsuite xmlns:xsi="http://www.w3.org/2001/XMLSchema-instance" xsi:noNamespaceSchemaLocation="https://maven.apache.org/surefire/maven-surefire-plugin/xsd/surefire-test-report-3.0.xsd" version="3.0" name="TestSuite" time="6.851" tests="20" errors="0" skipped="0" failures="0">
  <properties>
[...]
</properties>
  <testcase name="addBook[def, 1120](1)" classname="com.test.LibraryOperationsTest" time="1.842">
    <system-out><![CDATA[Request method:	POST
Request URI:	https://rahulshettyacademy.com/Library/Addbook.php
Proxy:			<none>
Request params:	<none>
Query params:	<none>
Form params:	<none>
Path params:	<none>
Headers:		Accept=*/*
				Content-Type=text/plain; charset=ISO-8859-1
Cookies:		<none>
Multiparts:		<none>
Body:
{
"name":"Learn Appium Automation with Java",
"isbn":"def",
"aisle":"1120",
"author":"John foer"
}
HTTP/1.1 200 OK
Date: Mon, 26 May 2025 13:21:40 GMT
Server: Apache/2.4.52 (Ubuntu)
Access-Control-Allow-Origin: *
Access-Control-Allow-Methods: POST
Access-Control-Max-Age: 3600
Access-Control-Allow-Headers: Content-Type, Access-Control-Allow-Headers, Authorization, X-Requested-With
Content-Length: 43
Keep-Alive: timeout=5, max=100
Connection: Keep-Alive
Content-Type: application/json;charset=UTF-8

{
    "Msg": "successfully added",
    "ID": "def1120"
}
def1120
]]></system-out>
    <system-err><![CDATA[SLF4J(W): No SLF4J providers were found.
SLF4J(W): Defaulting to no-operation (NOP) logger implementation
SLF4J(W): See https://www.slf4j.org/codes.html#noProviders for further details.
]]></system-err>
  </testcase>
  <testcase name="addBook[ghk, 1121](2)" classname="com.test.LibraryOperationsTest" time="0.529">
    <system-out><![CDATA[Request method:	POST
Request URI:	https://rahulshettyacademy.com/Library/Addbook.php
Proxy:			<none>
Request params:	<none>
Query params:	<none>
Form params:	<none>
Path params:	<none>
Headers:		Accept=*/*
				Content-Type=text/plain; charset=ISO-8859-1
Cookies:		<none>
Multiparts:		<none>
Body:
{
"name":"Learn Appium Automation with Java",
"isbn":"ghk",
"aisle":"1121",
"author":"John foer"
}
HTTP/1.1 200 OK
Date: Mon, 26 May 2025 13:21:41 GMT
Server: Apache/2.4.52 (Ubuntu)
Access-Control-Allow-Origin: *
Access-Control-Allow-Methods: POST
Access-Control-Max-Age: 3600
Access-Control-Allow-Headers: Content-Type, Access-Control-Allow-Headers, Authorization, X-Requested-With
Content-Length: 43
Keep-Alive: timeout=5, max=100
Connection: Keep-Alive
Content-Type: application/json;charset=UTF-8

{
    "Msg": "successfully added",
    "ID": "ghk1121"
}
ghk1121
]]></system-out>
  </testcase>
  <testcase name="addBook[hij, 1122](3)" classname="com.test.LibraryOperationsTest" time="0.512">
    <system-out><![CDATA[Request method:	POST
Request URI:	https://rahulshettyacademy.com/Library/Addbook.php
Proxy:			<none>
Request params:	<none>
Query params:	<none>
Form params:	<none>
Path params:	<none>
Headers:		Accept=*/*
				Content-Type=text/plain; charset=ISO-8859-1
Cookies:		<none>
Multiparts:		<none>
Body:
{
"name":"Learn Appium Automation with Java",
"isbn":"hij",
"aisle":"1122",
"author":"John foer"
}
HTTP/1.1 200 OK
Date: Mon, 26 May 2025 13:21:41 GMT
Server: Apache/2.4.52 (Ubuntu)
Access-Control-Allow-Origin: *
Access-Control-Allow-Methods: POST
Access-Control-Max-Age: 3600
Access-Control-Allow-Headers: Content-Type, Access-Control-Allow-Headers, Authorization, X-Requested-With
Content-Length: 43
Keep-Alive: timeout=5, max=100
Connection: Keep-Alive
Content-Type: application/json;charset=UTF-8

{
    "Msg": "successfully added",
    "ID": "hij1122"
}
hij1122
]]></system-out>
  </testcase>
  <testcase name="getBook[def1120](1)" classname="com.test.LibraryOperationsTest" time="0.516">
    <system-out><![CDATA[Request method:	GET
Request URI:	https://rahulshettyacademy.com/Library/GetBook.php?ID=def1120&ID=ghk1121&ID=hij1122
Proxy:			<none>
Request params:	ID=[def1120, ghk1121, hij1122]
Query params:	<none>
Form params:	<none>
Path params:	<none>
Headers:		Accept=*/*
Cookies:		<none>
Multiparts:		<none>
Body:			<none>
HTTP/1.1 200 OK
Date: Mon, 26 May 2025 13:21:42 GMT
Server: Apache/2.4.52 (Ubuntu)
Access-Control-Allow-Origin: *
Access-Control-Allow-Methods: POST
Access-Control-Max-Age: 3600
Access-Control-Allow-Headers: Content-Type, Access-Control-Allow-Headers, Authorization, X-Requested-With
Content-Length: 100
Keep-Alive: timeout=5, max=100
Connection: Keep-Alive
Content-Type: application/json;charset=UTF-8

[
    {
        "book_name": "Learn Appium Automation with Java",
        "isbn": "hij",
        "aisle": "1122",
        "author": "John foer"
    }
]
]]></system-out>
  </testcase>
  <testcase name="getBook[ghk1121](2)" classname="com.test.LibraryOperationsTest" time="0.505">
    <system-out><![CDATA[Request method:	GET
Request URI:	https://rahulshettyacademy.com/Library/GetBook.php?ID=def1120&ID=ghk1121&ID=hij1122
Proxy:			<none>
Request params:	ID=[def1120, ghk1121, hij1122]
Query params:	<none>
Form params:	<none>
Path params:	<none>
Headers:		Accept=*/*
Cookies:		<none>
Multiparts:		<none>
Body:			<none>
HTTP/1.1 200 OK
Date: Mon, 26 May 2025 13:21:42 GMT
Server: Apache/2.4.52 (Ubuntu)
Access-Control-Allow-Origin: *
Access-Control-Allow-Methods: POST
Access-Control-Max-Age: 3600
Access-Control-Allow-Headers: Content-Type, Access-Control-Allow-Headers, Authorization, X-Requested-With
Content-Length: 100
Keep-Alive: timeout=5, max=100
Connection: Keep-Alive
Content-Type: application/json;charset=UTF-8

[
    {
        "book_name": "Learn Appium Automation with Java",
        "isbn": "hij",
        "aisle": "1122",
        "author": "John foer"
    }
]
]]></system-out>
  </testcase>
  <testcase name="getBook[hij1122](3)" classname="com.test.LibraryOperationsTest" time="0.492">
    <system-out><![CDATA[Request method:	GET
Request URI:	https://rahulshettyacademy.com/Library/GetBook.php?ID=def1120&ID=ghk1121&ID=hij1122
Proxy:			<none>
Request params:	ID=[def1120, ghk1121, hij1122]
Query params:	<none>
Form params:	<none>
Path params:	<none>
Headers:		Accept=*/*
Cookies:		<none>
Multiparts:		<none>
Body:			<none>
HTTP/1.1 200 OK
Date: Mon, 26 May 2025 13:21:43 GMT
Server: Apache/2.4.52 (Ubuntu)
Access-Control-Allow-Origin: *
Access-Control-Allow-Methods: POST
Access-Control-Max-Age: 3600
Access-Control-Allow-Headers: Content-Type, Access-Control-Allow-Headers, Authorization, X-Requested-With
Content-Length: 100
Keep-Alive: timeout=5, max=100
Connection: Keep-Alive
Content-Type: application/json;charset=UTF-8

[
    {
        "book_name": "Learn Appium Automation with Java",
        "isbn": "hij",
        "aisle": "1122",
        "author": "John foer"
    }
]
]]></system-out>
  </testcase>
  <testcase name="deleteBook[def1120](1)" classname="com.test.LibraryOperationsTest" time="0.51">
    <system-out><![CDATA[Request method:	DELETE
Request URI:	https://rahulshettyacademy.com/Library/DeleteBook.php
Proxy:			<none>
Request params:	<none>
Query params:	<none>
Form params:	<none>
Path params:	<none>
Headers:		Accept=*/*
				Content-Type=text/plain; charset=ISO-8859-1
Cookies:		<none>
Multiparts:		<none>
Body:
{
    "ID": "def1120"
}
HTTP/1.1 200 OK
Date: Mon, 26 May 2025 13:21:43 GMT
Server: Apache/2.4.52 (Ubuntu)
Access-Control-Allow-Origin: *
Access-Control-Allow-Methods: POST
Access-Control-Max-Age: 3600
Access-Control-Allow-Headers: Content-Type, Access-Control-Allow-Headers, Authorization, X-Requested-With
Content-Length: 38
Keep-Alive: timeout=5, max=100
Connection: Keep-Alive
Content-Type: application/json;charset=UTF-8

{
    "msg": "book is successfully deleted"
}
]]></system-out>
  </testcase>
  <testcase name="deleteBook[ghk1121](2)" classname="com.test.LibraryOperationsTest" time="0.522">
    <system-out><![CDATA[Request method:	DELETE
Request URI:	https://rahulshettyacademy.com/Library/DeleteBook.php
Proxy:			<none>
Request params:	<none>
Query params:	<none>
Form params:	<none>
Path params:	<none>
Headers:		Accept=*/*
				Content-Type=text/plain; charset=ISO-8859-1
Cookies:		<none>
Multiparts:		<none>
Body:
{
    "ID": "ghk1121"
}
HTTP/1.1 200 OK
Date: Mon, 26 May 2025 13:21:44 GMT
Server: Apache/2.4.52 (Ubuntu)
Access-Control-Allow-Origin: *
Access-Control-Allow-Methods: POST
Access-Control-Max-Age: 3600
Access-Control-Allow-Headers: Content-Type, Access-Control-Allow-Headers, Authorization, X-Requested-With
Content-Length: 38
Keep-Alive: timeout=5, max=100
Connection: Keep-Alive
Content-Type: application/json;charset=UTF-8

{
    "msg": "book is successfully deleted"
}
]]></system-out>
  </testcase>
  <testcase name="deleteBook[hij1122](3)" classname="com.test.LibraryOperationsTest" time="0.505">
    <system-out><![CDATA[Request method:	DELETE
Request URI:	https://rahulshettyacademy.com/Library/DeleteBook.php
Proxy:			<none>
Request params:	<none>
Query params:	<none>
Form params:	<none>
Path params:	<none>
Headers:		Accept=*/*
				Content-Type=text/plain; charset=ISO-8859-1
Cookies:		<none>
Multiparts:		<none>
Body:
{
    "ID": "hij1122"
}
HTTP/1.1 200 OK
Date: Mon, 26 May 2025 13:21:44 GMT
Server: Apache/2.4.52 (Ubuntu)
Access-Control-Allow-Origin: *
Access-Control-Allow-Methods: POST
Access-Control-Max-Age: 3600
Access-Control-Allow-Headers: Content-Type, Access-Control-Allow-Headers, Authorization, X-Requested-With
Content-Length: 38
Keep-Alive: timeout=5, max=100
Connection: Keep-Alive
Content-Type: application/json;charset=UTF-8

{
    "msg": "book is successfully deleted"
}
]]></system-out>
  </testcase>
  <testcase name="convertData" classname="com.test.OtherTestngTest" time="0.001"/>
  <testcase name="invocationCountTest" classname="com.test.OtherTestngTest" time="0.002">
    <system-out><![CDATA[Sum is : 13
]]></system-out>
  </testcase>
  <testcase name="invocationCountTest" classname="com.test.OtherTestngTest" time="0.003">
    <system-out><![CDATA[Sum is : 13
]]></system-out>
  </testcase>
  <testcase name="invocationCountTest" classname="com.test.OtherTestngTest" time="0.001">
    <system-out><![CDATA[Sum is : 13
]]></system-out>
  </testcase>
  <testcase name="invocationCountTest" classname="com.test.OtherTestngTest" time="0.001">
    <system-out><![CDATA[Sum is : 13
]]></system-out>
  </testcase>
  <testcase name="invocationCountTest" classname="com.test.OtherTestngTest" time="0.001">
    <system-out><![CDATA[Sum is : 13
]]></system-out>
  </testcase>
  <testcase name="invocationCountTest" classname="com.test.OtherTestngTest" time="0.016">
    <system-out><![CDATA[Sum is : 13
]]></system-out>
  </testcase>
  <testcase name="invocationCountTest" classname="com.test.OtherTestngTest" time="0.001">
    <system-out><![CDATA[Sum is : 13
]]></system-out>
  </testcase>
  <testcase name="invocationCountTest" classname="com.test.OtherTestngTest" time="0.001">
    <system-out><![CDATA[Sum is : 13
]]></system-out>
  </testcase>
  <testcase name="invocationCountTest" classname="com.test.OtherTestngTest" time="0.001">
    <system-out><![CDATA[Sum is : 13
]]></system-out>
  </testcase>
  <testcase name="invocationCountTest" classname="com.test.OtherTestngTest" time="0.002">
    <system-out><![CDATA[Sum is : 13
]]></system-out>
  </testcase>
</testsuite>