<?xml version="1.0" encoding="UTF-8"?>
<testng-results ignored="0" total="20" passed="20" failed="0" skipped="0">
  <reporter-output>
  </reporter-output>
  <suite started-at="2025-05-19T21:05:49 BST" name="MyTestSuite" finished-at="2025-05-19T21:05:59 BST" duration-ms="10407">
    <groups>
      <group name="Delete-BookData">
        <method signature="LibraryOperationsTest.deleteBook(java.lang.String)[pri:2, instance:com.test.LibraryOperationsTest@6283d8b8]" name="deleteBook" class="com.test.LibraryOperationsTest"/>
      </group> <!-- Delete-BookData -->
      <group name="UpdateBookData">
        <method signature="LibraryOperationsTest.addBook(java.lang.String,int)[pri:0, instance:com.test.LibraryOperationsTest@6283d8b8]" name="addBook" class="com.test.LibraryOperationsTest"/>
        <method signature="LibraryOperationsTest.GetBook(java.lang.String)[pri:1, instance:com.test.LibraryOperationsTest@6283d8b8]" name="GetBook" class="com.test.LibraryOperationsTest"/>
      </group> <!-- UpdateBookData -->
      <group name="OtherTC">
        <method signature="OtherTestngTest.convertData()[pri:0, instance:com.test.OtherTestngTest@729d991e]" name="convertData" class="com.test.OtherTestngTest"/>
        <method signature="OtherTestngTest.invocationCountTest()[pri:0, instance:com.test.OtherTestngTest@729d991e]" name="invocationCountTest" class="com.test.OtherTestngTest"/>
      </group> <!-- OtherTC -->
    </groups>
    <test started-at="2025-05-19T21:05:49 BST" name="MyTest" finished-at="2025-05-19T21:05:59 BST" duration-ms="10407">
      <class name="com.test.OtherTestngTest">
        <test-method signature="convertData()[pri:0, instance:com.test.OtherTestngTest@729d991e]" started-at="2025-05-19T21:05:59 BST" name="convertData" finished-at="2025-05-19T21:05:59 BST" duration-ms="2" status="PASS">
          <exception class="java.lang.NumberFormatException">
            <message>
              <![CDATA[For input string: "200A"]]>
            </message>
            <full-stacktrace>
              <![CDATA[java.lang.NumberFormatException: For input string: "200A"
at java.base/java.lang.NumberFormatException.forInputString(NumberFormatException.java:67)
at java.base/java.lang.Integer.parseInt(Integer.java:662)
at java.base/java.lang.Integer.parseInt(Integer.java:778)
at com.test.OtherTestngTest.convertData(OtherTestngTest.java:20)
at java.base/jdk.internal.reflect.DirectMethodHandleAccessor.invoke(DirectMethodHandleAccessor.java:103)
at java.base/java.lang.reflect.Method.invoke(Method.java:580)
at org.testng.internal.MethodInvocationHelper.invokeMethod(MethodInvocationHelper.java:133)
at org.testng.internal.TestInvoker.invokeMethod(TestInvoker.java:598)
at org.testng.internal.TestInvoker.invokeTestMethod(TestInvoker.java:173)
at org.testng.internal.MethodRunner.runInSequence(MethodRunner.java:46)
at org.testng.internal.TestInvoker$MethodInvocationAgent.invoke(TestInvoker.java:824)
at org.testng.internal.TestInvoker.invokeTestMethods(TestInvoker.java:146)
at org.testng.internal.TestMethodWorker.invokeTestMethods(TestMethodWorker.java:146)
at org.testng.internal.TestMethodWorker.run(TestMethodWorker.java:128)
at java.base/java.util.ArrayList.forEach(ArrayList.java:1596)
at org.testng.TestRunner.privateRun(TestRunner.java:794)
at org.testng.TestRunner.run(TestRunner.java:596)
at org.testng.SuiteRunner.runTest(SuiteRunner.java:377)
at org.testng.SuiteRunner.runSequentially(SuiteRunner.java:371)
at org.testng.SuiteRunner.privateRun(SuiteRunner.java:332)
at org.testng.SuiteRunner.run(SuiteRunner.java:276)
at org.testng.SuiteRunnerWorker.runSuite(SuiteRunnerWorker.java:53)
at org.testng.SuiteRunnerWorker.run(SuiteRunnerWorker.java:96)
at org.testng.TestNG.runSuitesSequentially(TestNG.java:1212)
at org.testng.TestNG.runSuitesLocally(TestNG.java:1134)
at org.testng.TestNG.runSuites(TestNG.java:1063)
at org.testng.TestNG.run(TestNG.java:1031)
at org.testng.remote.AbstractRemoteTestNG.run(AbstractRemoteTestNG.java:115)
at org.testng.remote.RemoteTestNG.initAndRun(RemoteTestNG.java:293)
at org.testng.remote.RemoteTestNG.main(RemoteTestNG.java:91)
]]>
            </full-stacktrace>
          </exception> <!-- java.lang.NumberFormatException -->
          <reporter-output>
          </reporter-output>
        </test-method> <!-- convertData -->
        <test-method signature="invocationCountTest()[pri:0, instance:com.test.OtherTestngTest@729d991e]" started-at="2025-05-19T21:05:59 BST" name="invocationCountTest" finished-at="2025-05-19T21:05:59 BST" duration-ms="1" status="PASS">
          <reporter-output>
          </reporter-output>
        </test-method> <!-- invocationCountTest -->
        <test-method signature="invocationCountTest()[pri:0, instance:com.test.OtherTestngTest@729d991e]" started-at="2025-05-19T21:05:59 BST" name="invocationCountTest" finished-at="2025-05-19T21:05:59 BST" duration-ms="1" status="PASS">
          <reporter-output>
          </reporter-output>
        </test-method> <!-- invocationCountTest -->
        <test-method signature="invocationCountTest()[pri:0, instance:com.test.OtherTestngTest@729d991e]" started-at="2025-05-19T21:05:59 BST" name="invocationCountTest" finished-at="2025-05-19T21:05:59 BST" duration-ms="0" status="PASS">
          <reporter-output>
          </reporter-output>
        </test-method> <!-- invocationCountTest -->
        <test-method signature="invocationCountTest()[pri:0, instance:com.test.OtherTestngTest@729d991e]" started-at="2025-05-19T21:05:59 BST" name="invocationCountTest" finished-at="2025-05-19T21:05:59 BST" duration-ms="1" status="PASS">
          <reporter-output>
          </reporter-output>
        </test-method> <!-- invocationCountTest -->
        <test-method signature="invocationCountTest()[pri:0, instance:com.test.OtherTestngTest@729d991e]" started-at="2025-05-19T21:05:59 BST" name="invocationCountTest" finished-at="2025-05-19T21:05:59 BST" duration-ms="0" status="PASS">
          <reporter-output>
          </reporter-output>
        </test-method> <!-- invocationCountTest -->
        <test-method signature="invocationCountTest()[pri:0, instance:com.test.OtherTestngTest@729d991e]" started-at="2025-05-19T21:05:59 BST" name="invocationCountTest" finished-at="2025-05-19T21:05:59 BST" duration-ms="1" status="PASS">
          <reporter-output>
          </reporter-output>
        </test-method> <!-- invocationCountTest -->
        <test-method signature="invocationCountTest()[pri:0, instance:com.test.OtherTestngTest@729d991e]" started-at="2025-05-19T21:05:59 BST" name="invocationCountTest" finished-at="2025-05-19T21:05:59 BST" duration-ms="0" status="PASS">
          <reporter-output>
          </reporter-output>
        </test-method> <!-- invocationCountTest -->
        <test-method signature="invocationCountTest()[pri:0, instance:com.test.OtherTestngTest@729d991e]" started-at="2025-05-19T21:05:59 BST" name="invocationCountTest" finished-at="2025-05-19T21:05:59 BST" duration-ms="0" status="PASS">
          <reporter-output>
          </reporter-output>
        </test-method> <!-- invocationCountTest -->
        <test-method signature="invocationCountTest()[pri:0, instance:com.test.OtherTestngTest@729d991e]" started-at="2025-05-19T21:05:59 BST" name="invocationCountTest" finished-at="2025-05-19T21:05:59 BST" duration-ms="0" status="PASS">
          <reporter-output>
          </reporter-output>
        </test-method> <!-- invocationCountTest -->
        <test-method signature="invocationCountTest()[pri:0, instance:com.test.OtherTestngTest@729d991e]" started-at="2025-05-19T21:05:59 BST" name="invocationCountTest" finished-at="2025-05-19T21:05:59 BST" duration-ms="1" status="PASS">
          <reporter-output>
          </reporter-output>
        </test-method> <!-- invocationCountTest -->
      </class> <!-- com.test.OtherTestngTest -->
      <class name="com.test.LibraryOperationsTest">
        <test-method is-config="true" signature="setupURI(java.lang.String)[pri:0, instance:com.test.LibraryOperationsTest@6283d8b8]" started-at="2025-05-19T21:05:49 BST" name="setupURI" finished-at="2025-05-19T21:05:49 BST" duration-ms="368" status="PASS">
          <params>
            <param index="0">
              <value>
                <![CDATA[https://rahulshettyacademy.com]]>
              </value>
            </param>
          </params>
          <reporter-output>
          </reporter-output>
        </test-method> <!-- setupURI -->
        <test-method signature="addBook(java.lang.String,int)[pri:0, instance:com.test.LibraryOperationsTest@6283d8b8]" started-at="2025-05-19T21:05:49 BST" name="addBook" data-provider="TDAddBook" finished-at="2025-05-19T21:05:51 BST" duration-ms="2274" status="PASS">
          <params>
            <param index="0">
              <value>
                <![CDATA[def]]>
              </value>
            </param>
            <param index="1">
              <value>
                <![CDATA[1120]]>
              </value>
            </param>
          </params>
          <reporter-output>
          </reporter-output>
        </test-method> <!-- addBook -->
        <test-method is-config="true" signature="setupURI(java.lang.String)[pri:0, instance:com.test.LibraryOperationsTest@6283d8b8]" started-at="2025-05-19T21:05:51 BST" name="setupURI" finished-at="2025-05-19T21:05:51 BST" duration-ms="1" status="PASS">
          <params>
            <param index="0">
              <value>
                <![CDATA[https://rahulshettyacademy.com]]>
              </value>
            </param>
          </params>
          <reporter-output>
          </reporter-output>
        </test-method> <!-- setupURI -->
        <test-method signature="addBook(java.lang.String,int)[pri:0, instance:com.test.LibraryOperationsTest@6283d8b8]" started-at="2025-05-19T21:05:51 BST" name="addBook" data-provider="TDAddBook" finished-at="2025-05-19T21:05:52 BST" duration-ms="668" status="PASS">
          <params>
            <param index="0">
              <value>
                <![CDATA[ghk]]>
              </value>
            </param>
            <param index="1">
              <value>
                <![CDATA[1121]]>
              </value>
            </param>
          </params>
          <reporter-output>
          </reporter-output>
        </test-method> <!-- addBook -->
        <test-method is-config="true" signature="setupURI(java.lang.String)[pri:0, instance:com.test.LibraryOperationsTest@6283d8b8]" started-at="2025-05-19T21:05:52 BST" name="setupURI" finished-at="2025-05-19T21:05:52 BST" duration-ms="1" status="PASS">
          <params>
            <param index="0">
              <value>
                <![CDATA[https://rahulshettyacademy.com]]>
              </value>
            </param>
          </params>
          <reporter-output>
          </reporter-output>
        </test-method> <!-- setupURI -->
        <test-method signature="addBook(java.lang.String,int)[pri:0, instance:com.test.LibraryOperationsTest@6283d8b8]" started-at="2025-05-19T21:05:52 BST" name="addBook" data-provider="TDAddBook" finished-at="2025-05-19T21:05:53 BST" duration-ms="656" status="PASS">
          <params>
            <param index="0">
              <value>
                <![CDATA[hij]]>
              </value>
            </param>
            <param index="1">
              <value>
                <![CDATA[1122]]>
              </value>
            </param>
          </params>
          <reporter-output>
          </reporter-output>
        </test-method> <!-- addBook -->
        <test-method signature="GetBook(java.lang.String)[pri:1, instance:com.test.LibraryOperationsTest@6283d8b8]" started-at="2025-05-19T21:05:53 BST" name="GetBook" data-provider="BookID" finished-at="2025-05-19T21:05:53 BST" depends-on-methods="com.test.LibraryOperationsTest.addBook" duration-ms="662" status="PASS">
          <params>
            <param index="0">
              <value>
                <![CDATA[def1120]]>
              </value>
            </param>
          </params>
          <reporter-output>
          </reporter-output>
        </test-method> <!-- GetBook -->
        <test-method is-config="true" signature="setupURI(java.lang.String)[pri:0, instance:com.test.LibraryOperationsTest@6283d8b8]" started-at="2025-05-19T21:05:53 BST" name="setupURI" finished-at="2025-05-19T21:05:53 BST" duration-ms="0" status="PASS">
          <params>
            <param index="0">
              <value>
                <![CDATA[https://rahulshettyacademy.com]]>
              </value>
            </param>
          </params>
          <reporter-output>
          </reporter-output>
        </test-method> <!-- setupURI -->
        <test-method is-config="true" signature="setupURI(java.lang.String)[pri:0, instance:com.test.LibraryOperationsTest@6283d8b8]" started-at="2025-05-19T21:05:53 BST" name="setupURI" finished-at="2025-05-19T21:05:53 BST" duration-ms="0" status="PASS">
          <params>
            <param index="0">
              <value>
                <![CDATA[https://rahulshettyacademy.com]]>
              </value>
            </param>
          </params>
          <reporter-output>
          </reporter-output>
        </test-method> <!-- setupURI -->
        <test-method signature="GetBook(java.lang.String)[pri:1, instance:com.test.LibraryOperationsTest@6283d8b8]" started-at="2025-05-19T21:05:53 BST" name="GetBook" data-provider="BookID" finished-at="2025-05-19T21:05:54 BST" depends-on-methods="com.test.LibraryOperationsTest.addBook" duration-ms="666" status="PASS">
          <params>
            <param index="0">
              <value>
                <![CDATA[ghk1121]]>
              </value>
            </param>
          </params>
          <reporter-output>
          </reporter-output>
        </test-method> <!-- GetBook -->
        <test-method signature="GetBook(java.lang.String)[pri:1, instance:com.test.LibraryOperationsTest@6283d8b8]" started-at="2025-05-19T21:05:54 BST" name="GetBook" data-provider="BookID" finished-at="2025-05-19T21:05:55 BST" depends-on-methods="com.test.LibraryOperationsTest.addBook" duration-ms="625" status="PASS">
          <params>
            <param index="0">
              <value>
                <![CDATA[hij1122]]>
              </value>
            </param>
          </params>
          <reporter-output>
          </reporter-output>
        </test-method> <!-- GetBook -->
        <test-method is-config="true" signature="setupURI(java.lang.String)[pri:0, instance:com.test.LibraryOperationsTest@6283d8b8]" started-at="2025-05-19T21:05:54 BST" name="setupURI" finished-at="2025-05-19T21:05:54 BST" duration-ms="0" status="PASS">
          <params>
            <param index="0">
              <value>
                <![CDATA[https://rahulshettyacademy.com]]>
              </value>
            </param>
          </params>
          <reporter-output>
          </reporter-output>
        </test-method> <!-- setupURI -->
        <test-method is-config="true" signature="setupURI(java.lang.String)[pri:0, instance:com.test.LibraryOperationsTest@6283d8b8]" started-at="2025-05-19T21:05:55 BST" name="setupURI" finished-at="2025-05-19T21:05:55 BST" duration-ms="0" status="PASS">
          <params>
            <param index="0">
              <value>
                <![CDATA[https://rahulshettyacademy.com]]>
              </value>
            </param>
          </params>
          <reporter-output>
          </reporter-output>
        </test-method> <!-- setupURI -->
        <test-method signature="deleteBook(java.lang.String)[pri:2, instance:com.test.LibraryOperationsTest@6283d8b8]" started-at="2025-05-19T21:05:55 BST" name="deleteBook" data-provider="BookID" finished-at="2025-05-19T21:05:55 BST" depends-on-methods="com.test.LibraryOperationsTest.addBook" duration-ms="670" status="PASS">
          <params>
            <param index="0">
              <value>
                <![CDATA[def1120]]>
              </value>
            </param>
          </params>
          <reporter-output>
          </reporter-output>
        </test-method> <!-- deleteBook -->
        <test-method signature="deleteBook(java.lang.String)[pri:2, instance:com.test.LibraryOperationsTest@6283d8b8]" started-at="2025-05-19T21:05:55 BST" name="deleteBook" data-provider="BookID" finished-at="2025-05-19T21:05:58 BST" depends-on-methods="com.test.LibraryOperationsTest.addBook" duration-ms="2734" status="PASS">
          <params>
            <param index="0">
              <value>
                <![CDATA[ghk1121]]>
              </value>
            </param>
          </params>
          <reporter-output>
          </reporter-output>
        </test-method> <!-- deleteBook -->
        <test-method is-config="true" signature="setupURI(java.lang.String)[pri:0, instance:com.test.LibraryOperationsTest@6283d8b8]" started-at="2025-05-19T21:05:55 BST" name="setupURI" finished-at="2025-05-19T21:05:55 BST" duration-ms="0" status="PASS">
          <params>
            <param index="0">
              <value>
                <![CDATA[https://rahulshettyacademy.com]]>
              </value>
            </param>
          </params>
          <reporter-output>
          </reporter-output>
        </test-method> <!-- setupURI -->
        <test-method signature="deleteBook(java.lang.String)[pri:2, instance:com.test.LibraryOperationsTest@6283d8b8]" started-at="2025-05-19T21:05:58 BST" name="deleteBook" data-provider="BookID" finished-at="2025-05-19T21:05:59 BST" depends-on-methods="com.test.LibraryOperationsTest.addBook" duration-ms="1011" status="PASS">
          <params>
            <param index="0">
              <value>
                <![CDATA[hij1122]]>
              </value>
            </param>
          </params>
          <reporter-output>
          </reporter-output>
        </test-method> <!-- deleteBook -->
        <test-method is-config="true" signature="setupURI(java.lang.String)[pri:0, instance:com.test.LibraryOperationsTest@6283d8b8]" started-at="2025-05-19T21:05:58 BST" name="setupURI" finished-at="2025-05-19T21:05:58 BST" duration-ms="0" status="PASS">
          <params>
            <param index="0">
              <value>
                <![CDATA[https://rahulshettyacademy.com]]>
              </value>
            </param>
          </params>
          <reporter-output>
          </reporter-output>
        </test-method> <!-- setupURI -->
      </class> <!-- com.test.LibraryOperationsTest -->
    </test> <!-- MyTest -->
  </suite> <!-- MyTestSuite -->
</testng-results>
